<?xml version="1.0" encoding="UTF-8"?>
<robot generator="Robot 7.1 (Python 3.11.0 on darwin)" generated="2024-11-15T17:20:39.027904" rpa="false" schemaversion="5">
<suite id="s1" name="Myrobotproject" source="/Users/snapp/Desktop/myrobotproject">
<suite id="s1-s1" name="Mytest" source="/Users/snapp/Desktop/myrobotproject/mytest.robot">
<kw name="Log" owner="BuiltIn" type="SETUP">
<msg time="2024-11-15T17:20:39.041136" level="INFO">5</msg>
<arg>5</arg>
<doc>Logs the given message with the given level.</doc>
<status status="PASS" start="2024-11-15T17:20:39.041063" elapsed="0.000102"/>
</kw>
<test id="s1-s1-t1" name="test" line="12">
<kw name="Log To Console" owner="BuiltIn" type="SETUP">
<arg>salam</arg>
<doc>Logs the given message to the console.</doc>
<status status="PASS" start="2024-11-15T17:20:39.041363" elapsed="0.000060"/>
</kw>
<kw name="Set Test Variable" owner="BuiltIn">
<msg time="2024-11-15T17:20:39.041782" level="INFO">${a} = 6</msg>
<arg>${a}</arg>
<arg>6</arg>
<doc>Makes a variable available everywhere within the scope of the current test.</doc>
<status status="PASS" start="2024-11-15T17:20:39.041491" elapsed="0.000311"/>
</kw>
<kw name="Set Variable" owner="BuiltIn">
<doc>Returns the given values which can then be assigned to a variables.</doc>
<status status="PASS" start="2024-11-15T17:20:39.041866" elapsed="0.000042"/>
</kw>
<kw name="log your QA sub team">
<kw name="Log" owner="BuiltIn">
<msg time="2024-11-15T17:20:39.042153" level="INFO">Bugget</msg>
<arg>${qa}</arg>
<doc>Logs the given message with the given level.</doc>
<status status="PASS" start="2024-11-15T17:20:39.042100" elapsed="0.000070"/>
</kw>
<doc>you can use this section after the keyword for Describing</doc>
<status status="PASS" start="2024-11-15T17:20:39.041994" elapsed="0.000199"/>
</kw>
<kw name="Member of Bugget team" source_name="Member of ${team_name} Team">
<kw name="Log" owner="BuiltIn">
<msg time="2024-11-15T17:20:39.042424" level="INFO">team_name=Bugget</msg>
<arg>team_name=${team_name1}[0]</arg>
<doc>Logs the given message with the given level.</doc>
<status status="PASS" start="2024-11-15T17:20:39.042355" elapsed="0.000084"/>
</kw>
<status status="PASS" start="2024-11-15T17:20:39.042258" elapsed="0.000208"/>
</kw>
<doc>just for this test case</doc>
<tag>1234</tag>
<tag>example1</tag>
<tag>example2</tag>
<status status="PASS" start="2024-11-15T17:20:39.041221" elapsed="0.001295"/>
</test>
<doc>this file is just for practicing</doc>
<status status="PASS" start="2024-11-15T17:20:39.037237" elapsed="0.005424"/>
</suite>
<status status="PASS" start="2024-11-15T17:20:39.028428" elapsed="0.014414"/>
</suite>
<statistics>
<total>
<stat pass="1" fail="0" skip="0">All Tests</stat>
</total>
<tag>
<stat pass="1" fail="0" skip="0">1234</stat>
<stat pass="1" fail="0" skip="0">example1</stat>
<stat pass="1" fail="0" skip="0">example2</stat>
</tag>
<suite>
<stat pass="1" fail="0" skip="0" id="s1" name="Myrobotproject">Myrobotproject</stat>
<stat pass="1" fail="0" skip="0" id="s1-s1" name="Mytest">Myrobotproject.Mytest</stat>
</suite>
</statistics>
<errors>
<msg time="2024-11-15T17:20:39.038028" level="WARN">Imported resource file '/Users/snapp/Desktop/myrobotproject/common.resource' is empty.</msg>
</errors>
</robot>
